<?xml version="1.0" encoding="UTF-8"?>
<testng-results skipped="0" failed="0" ignored="0" total="1" passed="1">
  <reporter-output>
  </reporter-output>
  <suite name="Default suite" duration-ms="788" started-at="2020-09-27T07:39:01Z" finished-at="2020-09-27T07:39:02Z">
    <groups>
    </groups>
    <test name="Default test" duration-ms="788" started-at="2020-09-27T07:39:01Z" finished-at="2020-09-27T07:39:02Z">
      <class name="excelRead.ExcelHashmap">
        <test-method status="PASS" signature="excelhash()[pri:0, instance:excelRead.ExcelHashmap@91161c7]" name="excelhash" duration-ms="743" started-at="2020-09-27T07:39:02Z" finished-at="2020-09-27T07:39:02Z">
          <reporter-output>
          </reporter-output>
        </test-method> <!-- excelhash -->
      </class> <!-- excelRead.ExcelHashmap -->
    </test> <!-- Default test -->
  </suite> <!-- Default suite -->
</testng-results>
